smart_assist_model/2631.dic
smart_assist_model/2631.dic.part.train
smart_assist_model/2631.lm
smart_assist_model/2631.log_pronounce
smart_assist_model/2631.sent
smart_assist_model/2631.vocab
smart_assist_model/assets.lst
smart_assist_model/digits.gram
smart_assist_model/menu.gram
smart_assist_model/model.params
smart_assist_model/smart_assist_lk/README
smart_assist_model/smart_assist_lk/feat.params
smart_assist_model/smart_assist_lk/mdef
smart_assist_model/smart_assist_lk/mdef.txt
smart_assist_model/smart_assist_lk/means
smart_assist_model/smart_assist_lk/mixture_weights
smart_assist_model/smart_assist_lk/noisedict
smart_assist_model/smart_assist_lk/sendump
smart_assist_model/smart_assist_lk/transition_matrices
smart_assist_model/smart_assist_lk/variances